<?xml version="1.0" encoding="UTF-8"?>
<!-- Generated by org.testng.reporters.JUnitReportReporter -->
<testsuite hostname="ROHIT" failures="0" tests="2" name="TestNG.TestNG2" time="0.007" errors="0" timestamp="2022-03-26T12:10:57 IST" skipped="0">
  <testcase classname="TestNG.TestNG2" name="verifytest2" time="0.002"/>
  <system-out/>
  <testcase classname="TestNG.TestNG2" name="verifytest1" time="0.005"/>
  <system-out/>
</testsuite> <!-- TestNG.TestNG2 -->
