<?xml version="1.0" encoding="UTF-8"?>
<!-- Generated by org.testng.reporters.JUnitReportReporter -->
<testsuite hostname="ROHIT" failures="0" tests="4" name="TestNG.priority" time="0.018" errors="0" timestamp="2022-03-28T16:42:53 IST" skipped="0">
  <testcase classname="TestNG.priority" name="C" time="0.013"/>
  <system-out/>
  <testcase classname="TestNG.priority" name="D" time="0.002"/>
  <system-out/>
  <testcase classname="TestNG.priority" name="B" time="0.002"/>
  <system-out/>
  <testcase classname="TestNG.priority" name="A" time="0.001"/>
  <system-out/>
</testsuite> <!-- TestNG.priority -->
