<?xml version="1.0" encoding="UTF-8"?>
<!-- Generated by org.testng.reporters.JUnitReportReporter -->
<testsuite hostname="ROHIT" failures="0" tests="3" name="TestNG.include_exculed" time="0.014" errors="0" timestamp="2022-03-28T18:26:13 IST" skipped="0">
  <testcase classname="TestNG.include_exculed" name="t3" time="0.001"/>
  <system-out/>
  <testcase classname="TestNG.include_exculed" name="t1" time="0.011"/>
  <system-out/>
  <testcase classname="TestNG.include_exculed" name="t2" time="0.002"/>
  <system-out/>
</testsuite> <!-- TestNG.include_exculed -->
