<?xml version="1.0" encoding="UTF-8"?>
<!-- Generated by org.testng.reporters.JUnitReportReporter -->
<testsuite hostname="ROHIT" failures="0" tests="3" name="TestNG.TestNG3" time="14.046" errors="0" timestamp="2022-03-26T12:06:50 IST" skipped="0">
  <testcase classname="TestNG.TestNG3" name="Test2" time="4.314"/>
  <system-out/>
  <testcase classname="TestNG.TestNG3" name="Test1" time="5.881"/>
  <system-out/>
  <testcase classname="TestNG.TestNG3" name="Test3" time="3.851"/>
  <system-out/>
</testsuite> <!-- TestNG.TestNG3 -->
