<?xml version="1.0" encoding="UTF-8"?>
<!-- Generated by org.testng.reporters.JUnitReportReporter -->
<testsuite hostname="ROHIT" failures="0" tests="7" name="TestNG.priority2" time="0.016" errors="0" timestamp="2022-04-12T22:08:50 IST" skipped="1">
  <testcase classname="TestNG.priority2" name="A" time="0.011"/>
  <system-out/>
  <testcase classname="TestNG.priority2" name="C" time="0.001"/>
  <system-out/>
  <testcase classname="TestNG.priority2" name="C" time="0.000"/>
  <system-out/>
  <testcase classname="TestNG.priority2" name="C" time="0.002"/>
  <system-out/>
  <testcase classname="TestNG.priority2" name="B" time="0.001"/>
  <system-out/>
  <testcase classname="TestNG.priority2" name="D" time="0.001"/>
  <system-out/>
  <testcase classname="TestNG.priority2" name="E">
    <skipped/>
  </testcase> <!-- E -->
  <system-out/>
</testsuite> <!-- TestNG.priority2 -->
