<?xml version="1.0" encoding="UTF-8"?>
<!-- Generated by org.testng.reporters.JUnitReportReporter -->
<testsuite hostname="ROHIT" failures="0" tests="1" name="practice.Action_concept2" time="20.123" errors="0" timestamp="2022-04-09T22:42:19 IST" skipped="0">
  <testcase classname="practice.Action_concept2" name="verifyAction" time="20.123"/>
  <system-out/>
</testsuite> <!-- practice.Action_concept2 -->
