<?xml version="1.0" encoding="UTF-8"?>
<!-- Generated by org.testng.reporters.JUnitReportReporter -->
<testsuite hostname="ROHIT" failures="0" tests="1" name="com.test2.logIN" time="6.142" errors="0" timestamp="2022-04-02T12:34:28 IST" skipped="0">
  <testcase classname="com.test2.logIN" name="verifytest" time="6.142"/>
  <system-out/>
</testsuite> <!-- com.test2.logIN -->
