<?xml version="1.0" encoding="UTF-8"?>
<!-- Generated by org.testng.reporters.JUnitReportReporter -->
<testsuite hostname="ROHIT" failures="0" tests="2" name="TestNG.multiple_test_case" time="0.012" errors="0" timestamp="2022-03-28T18:20:56 IST" skipped="0">
  <testcase classname="TestNG.multiple_test_case" name="m2" time="0.011"/>
  <system-out/>
  <testcase classname="TestNG.multiple_test_case" name="m4" time="0.001"/>
  <system-out/>
</testsuite> <!-- TestNG.multiple_test_case -->
