<?xml version="1.0" encoding="UTF-8"?>
<!-- Generated by org.testng.reporters.JUnitReportReporter -->
<testsuite hostname="ROHIT" failures="0" tests="1" name="practice.practice2" time="9.776" errors="0" timestamp="2022-03-29T18:59:27 IST" skipped="0">
  <testcase classname="practice.practice2" name="action" time="9.776"/>
  <system-out/>
</testsuite> <!-- practice.practice2 -->
