<?xml version="1.0" encoding="UTF-8"?>
<!-- Generated by org.testng.reporters.JUnitReportReporter -->
<testsuite hostname="ROHIT" failures="0" tests="1" name="practice.practice2" time="19.165" errors="0" timestamp="2022-04-09T21:21:48 IST" skipped="0">
  <testcase classname="practice.practice2" name="action" time="19.165"/>
  <system-out/>
</testsuite> <!-- practice.practice2 -->
