<?xml version="1.0" encoding="UTF-8"?>
<!-- Generated by org.testng.reporters.JUnitReportReporter -->
<testsuite hostname="ROHIT" failures="0" tests="1" name="TestNG.TestNG1" time="0.006" errors="0" timestamp="2022-04-12T22:05:23 IST" skipped="0">
  <testcase classname="TestNG.TestNG1" name="verifytest1" time="0.006"/>
  <system-out/>
</testsuite> <!-- TestNG.TestNG1 -->
