<?xml version="1.0" encoding="UTF-8"?>
<!-- Generated by org.testng.reporters.JUnitReportReporter -->
<testsuite hostname="ROHIT" failures="0" tests="1" name="TestNG.keybord_action" time="21.426" errors="0" timestamp="2022-03-31T22:37:57 IST" skipped="0">
  <testcase classname="TestNG.keybord_action" name="keybord_action" time="21.426"/>
  <system-out/>
</testsuite> <!-- TestNG.keybord_action -->
