<?xml version="1.0" encoding="UTF-8"?>
<!-- Generated by org.testng.reporters.JUnitReportReporter -->
<testsuite hostname="ROHIT" failures="0" tests="1" name="TestNG.mouse_over" time="8.750" errors="0" timestamp="2022-03-29T11:37:35 IST" skipped="0">
  <testcase classname="TestNG.mouse_over" name="verify_actionconcept" time="8.750"/>
  <system-out/>
</testsuite> <!-- TestNG.mouse_over -->
