<?xml version="1.0" encoding="UTF-8"?>
<!-- Generated by org.testng.reporters.JUnitReportReporter -->
<testsuite hostname="ROHIT" failures="0" tests="1" name="TestNG.drag_drop" time="21.789" errors="0" timestamp="2022-03-29T13:20:50 IST" skipped="0">
  <testcase classname="TestNG.drag_drop" name="Drag_and_drop" time="21.789"/>
  <system-out/>
</testsuite> <!-- TestNG.drag_drop -->
